# JRE version: OpenJDK Runtime Environment (8.0_152-b02) (build 1.8.0_152-release-1024-b02)
# Java VM: OpenJDK 64-Bit Server VM (25.152-b02 mixed mode windows-amd64 compressed oops)
Heap:
 PSYoungGen      total 91648K, used 58755K [0x00000000e0000000, 0x00000000e8680000, 0x0000000100000000)
  eden space 65536K, 49% used [0x00000000e0000000,0x00000000e1fe2da0,0x00000000e4000000)
  from space 26112K, 99% used [0x00000000e6000000,0x00000000e797dfb8,0x00000000e7980000)
  to   space 32768K, 0% used [0x00000000e4000000,0x00000000e4000000,0x00000000e6000000)
 ParOldGen       total 115712K, used 41423K [0x00000000a0000000, 0x00000000a7100000, 0x00000000e0000000)
  object space 115712K, 35% used [0x00000000a0000000,0x00000000a2873e58,0x00000000a7100000)
 Metaspace       used 53699K, capacity 54634K, committed 55168K, reserved 1097728K
  class space    used 6428K, capacity 6670K, committed 6784K, reserved 1048576K
GC Heap History (10 events):
Event: 19.547 GC heap before
{Heap before GC invocations=11 (full 3):
 PSYoungGen      total 47616K, used 41681K [0x00000000e0000000, 0x00000000e4500000, 0x0000000100000000)
  eden space 33792K, 100% used [0x00000000e0000000,0x00000000e2100000,0x00000000e2100000)
  from space 13824K, 57% used [0x00000000e2100000,0x00000000e28b4578,0x00000000e2e80000)
  to   space 12800K, 0% used [0x00000000e3880000,0x00000000e3880000,0x00000000e4500000)
 ParOldGen       total 115712K, used 16802K [0x00000000a0000000, 0x00000000a7100000, 0x00000000e0000000)
  object space 115712K, 14% used [0x00000000a0000000,0x00000000a10689b8,0x00000000a7100000)
 Metaspace       used 39671K, capacity 40265K, committed 40704K, reserved 1085440K
  class space    used 4914K, capacity 5075K, committed 5120K, reserved 1048576K
Event: 19.570 GC heap after
Heap after GC invocations=11 (full 3):
 PSYoungGen      total 57344K, used 10036K [0x00000000e0000000, 0x00000000e4780000, 0x0000000100000000)
  eden space 44544K, 0% used [0x00000000e0000000,0x00000000e0000000,0x00000000e2b80000)
  from space 12800K, 78% used [0x00000000e3880000,0x00000000e424d120,0x00000000e4500000)
  to   space 13312K, 0% used [0x00000000e2b80000,0x00000000e2b80000,0x00000000e3880000)
 ParOldGen       total 115712K, used 16810K [0x00000000a0000000, 0x00000000a7100000, 0x00000000e0000000)
  object space 115712K, 14% used [0x00000000a0000000,0x00000000a106a9b8,0x00000000a7100000)
 Metaspace       used 39671K, capacity 40265K, committed 40704K, reserved 1085440K
  class space    used 4914K, capacity 5075K, committed 5120K, reserved 1048576K
}
Event: 21.774 GC heap before
{Heap before GC invocations=12 (full 3):
 PSYoungGen      total 57344K, used 54580K [0x00000000e0000000, 0x00000000e4780000, 0x0000000100000000)
  eden space 44544K, 100% used [0x00000000e0000000,0x00000000e2b80000,0x00000000e2b80000)
  from space 12800K, 78% used [0x00000000e3880000,0x00000000e424d120,0x00000000e4500000)
  to   space 13312K, 0% used [0x00000000e2b80000,0x00000000e2b80000,0x00000000e3880000)
 ParOldGen       total 115712K, used 16810K [0x00000000a0000000, 0x00000000a7100000, 0x00000000e0000000)
  object space 115712K, 14% used [0x00000000a0000000,0x00000000a106a9b8,0x00000000a7100000)
 Metaspace       used 42928K, capacity 43662K, committed 44288K, reserved 1087488K
  class space    used 5371K, capacity 5548K, committed 5632K, reserved 1048576K
Event: 21.807 GC heap after
Heap after GC invocations=12 (full 3):
 PSYoungGen      total 57856K, used 13307K [0x00000000e0000000, 0x00000000e5b80000, 0x0000000100000000)
  eden space 44544K, 0% used [0x00000000e0000000,0x00000000e0000000,0x00000000e2b80000)
  from space 13312K, 99% used [0x00000000e2b80000,0x00000000e387ec38,0x00000000e3880000)
  to   space 15872K, 0% used [0x00000000e4c00000,0x00000000e4c00000,0x00000000e5b80000)
 ParOldGen       total 115712K, used 19695K [0x00000000a0000000, 0x00000000a7100000, 0x00000000e0000000)
  object space 115712K, 17% used [0x00000000a0000000,0x00000000a133be58,0x00000000a7100000)
 Metaspace       used 42928K, capacity 43662K, committed 44288K, reserved 1087488K
  class space    used 5371K, capacity 5548K, committed 5632K, reserved 1048576K
}
Event: 26.641 GC heap before
{Heap before GC invocations=13 (full 3):
 PSYoungGen      total 57856K, used 57851K [0x00000000e0000000, 0x00000000e5b80000, 0x0000000100000000)
  eden space 44544K, 100% used [0x00000000e0000000,0x00000000e2b80000,0x00000000e2b80000)
  from space 13312K, 99% used [0x00000000e2b80000,0x00000000e387ec38,0x00000000e3880000)
  to   space 15872K, 0% used [0x00000000e4c00000,0x00000000e4c00000,0x00000000e5b80000)
 ParOldGen       total 115712K, used 19695K [0x00000000a0000000, 0x00000000a7100000, 0x00000000e0000000)
  object space 115712K, 17% used [0x00000000a0000000,0x00000000a133be58,0x00000000a7100000)
 Metaspace       used 47553K, capacity 48370K, committed 48896K, reserved 1091584K
  class space    used 5872K, capacity 6086K, committed 6144K, reserved 1048576K
Event: 26.717 GC heap after
Heap after GC invocations=13 (full 3):
 PSYoungGen      total 71680K, used 15868K [0x00000000e0000000, 0x00000000e5f80000, 0x0000000100000000)
  eden space 55808K, 0% used [0x00000000e0000000,0x00000000e0000000,0x00000000e3680000)
  from space 15872K, 99% used [0x00000000e4c00000,0x00000000e5b7f268,0x00000000e5b80000)
  to   space 20992K, 0% used [0x00000000e3680000,0x00000000e3680000,0x00000000e4b00000)
 ParOldGen       total 115712K, used 27417K [0x00000000a0000000, 0x00000000a7100000, 0x00000000e0000000)
  object space 115712K, 23% used [0x00000000a0000000,0x00000000a1ac6760,0x00000000a7100000)
 Metaspace       used 47553K, capacity 48370K, committed 48896K, reserved 1091584K
  class space    used 5872K, capacity 6086K, committed 6144K, reserved 1048576K
}
Event: 32.609 GC heap before
{Heap before GC invocations=14 (full 3):
 PSYoungGen      total 71680K, used 71676K [0x00000000e0000000, 0x00000000e5f80000, 0x0000000100000000)
  eden space 55808K, 100% used [0x00000000e0000000,0x00000000e3680000,0x00000000e3680000)
  from space 15872K, 99% used [0x00000000e4c00000,0x00000000e5b7f268,0x00000000e5b80000)
  to   space 20992K, 0% used [0x00000000e3680000,0x00000000e3680000,0x00000000e4b00000)
 ParOldGen       total 115712K, used 27417K [0x00000000a0000000, 0x00000000a7100000, 0x00000000e0000000)
  object space 115712K, 23% used [0x00000000a0000000,0x00000000a1ac6760,0x00000000a7100000)
 Metaspace       used 49468K, capacity 50356K, committed 50816K, reserved 1093632K
  class space    used 5985K, capacity 6223K, committed 6272K, reserved 1048576K
Event: 32.763 GC heap after
Heap after GC invocations=14 (full 3):
 PSYoungGen      total 76800K, used 20967K [0x00000000e0000000, 0x00000000e7980000, 0x0000000100000000)
  eden space 55808K, 0% used [0x00000000e0000000,0x00000000e0000000,0x00000000e3680000)
  from space 20992K, 99% used [0x00000000e3680000,0x00000000e4af9dd0,0x00000000e4b00000)
  to   space 26112K, 0% used [0x00000000e6000000,0x00000000e6000000,0x00000000e7980000)
 ParOldGen       total 115712K, used 34338K [0x00000000a0000000, 0x00000000a7100000, 0x00000000e0000000)
  object space 115712K, 29% used [0x00000000a0000000,0x00000000a2188880,0x00000000a7100000)
 Metaspace       used 49468K, capacity 50356K, committed 50816K, reserved 1093632K
  class space    used 5985K, capacity 6223K, committed 6272K, reserved 1048576K
}
Event: 39.882 GC heap before
{Heap before GC invocations=15 (full 3):
 PSYoungGen      total 76800K, used 76775K [0x00000000e0000000, 0x00000000e7980000, 0x0000000100000000)
  eden space 55808K, 100% used [0x00000000e0000000,0x00000000e3680000,0x00000000e3680000)
  from space 20992K, 99% used [0x00000000e3680000,0x00000000e4af9dd0,0x00000000e4b00000)
  to   space 26112K, 0% used [0x00000000e6000000,0x00000000e6000000,0x00000000e7980000)
 ParOldGen       total 115712K, used 34338K [0x00000000a0000000, 0x00000000a7100000, 0x00000000e0000000)
  object space 115712K, 29% used [0x00000000a0000000,0x00000000a2188880,0x00000000a7100000)
 Metaspace       used 50558K, capacity 51412K, committed 51712K, reserved 1095680K
  class space    used 6112K, capacity 6339K, committed 6400K, reserved 1048576K
Event: 40.011 GC heap after
Heap after GC invocations=15 (full 3):
 PSYoungGen      total 91648K, used 26103K [0x00000000e0000000, 0x00000000e8680000, 0x0000000100000000)
  eden space 65536K, 0% used [0x00000000e0000000,0x00000000e0000000,0x00000000e4000000)
  from space 26112K, 99% used [0x00000000e6000000,0x00000000e797dfb8,0x00000000e7980000)
  to   space 32768K, 0% used [0x00000000e4000000,0x00000000e4000000,0x00000000e6000000)
 ParOldGen       total 115712K, used 41423K [0x00000000a0000000, 0x00000000a7100000, 0x00000000e0000000)
  object space 115712K, 35% used [0x00000000a0000000,0x00000000a2873e58,0x00000000a7100000)
 Metaspace       used 50558K, capacity 51412K, committed 51712K, reserved 1095680K
  class space    used 6112K, capacity 6339K, committed 6400K, reserved 1048576K
}

